c:\users\jeffr\desktop\c++ workspace\games\findthegem\findthegem\findthegem\debug\vc142.pdb
c:\users\jeffr\desktop\c++ workspace\games\findthegem\findthegem\findthegem\debug\vc142.idb
c:\users\jeffr\desktop\c++ workspace\games\findthegem\findthegem\findthegem\debug\main.obj
c:\users\jeffr\desktop\c++ workspace\games\findthegem\findthegem\findthegem\debug\window.obj
c:\users\jeffr\desktop\c++ workspace\games\findthegem\findthegem\findthegem\debug\texture.obj
c:\users\jeffr\desktop\c++ workspace\games\findthegem\findthegem\findthegem\debug\shader.obj
c:\users\jeffr\desktop\c++ workspace\games\findthegem\findthegem\findthegem\debug\renderer.obj
c:\users\jeffr\desktop\c++ workspace\games\findthegem\findthegem\findthegem\debug\layer.obj
c:\users\jeffr\desktop\c++ workspace\games\findthegem\findthegem\findthegem\debug\vertexarrayobject.obj
c:\users\jeffr\desktop\c++ workspace\games\findthegem\findthegem\findthegem\debug\uniformbufferobject.obj
c:\users\jeffr\desktop\c++ workspace\games\findthegem\findthegem\findthegem\debug\indexbufferobject.obj
c:\users\jeffr\desktop\c++ workspace\games\findthegem\findthegem\findthegem\debug\framebufferobject.obj
c:\users\jeffr\desktop\c++ workspace\games\findthegem\findthegem\findthegem\debug\font.obj
c:\users\jeffr\desktop\c++ workspace\games\findthegem\findthegem\findthegem\debug\vector4.obj
c:\users\jeffr\desktop\c++ workspace\games\findthegem\findthegem\findthegem\debug\matrix4.obj
c:\users\jeffr\desktop\c++ workspace\games\findthegem\findthegem\findthegem\debug\stb_image.obj
c:\users\jeffr\desktop\c++ workspace\games\findthegem\findthegem\debug\findthegem.exe
c:\users\jeffr\desktop\c++ workspace\games\findthegem\findthegem\debug\findthegem.ilk
c:\users\jeffr\desktop\c++ workspace\games\findthegem\findthegem\debug\findthegem.pdb
c:\users\jeffr\desktop\c++ workspace\games\findthegem\findthegem\findthegem\debug\findthegem.tlog\cl.command.1.tlog
c:\users\jeffr\desktop\c++ workspace\games\findthegem\findthegem\findthegem\debug\findthegem.tlog\cl.read.1.tlog
c:\users\jeffr\desktop\c++ workspace\games\findthegem\findthegem\findthegem\debug\findthegem.tlog\cl.write.1.tlog
c:\users\jeffr\desktop\c++ workspace\games\findthegem\findthegem\findthegem\debug\findthegem.tlog\link.command.1.tlog
c:\users\jeffr\desktop\c++ workspace\games\findthegem\findthegem\findthegem\debug\findthegem.tlog\link.read.1.tlog
c:\users\jeffr\desktop\c++ workspace\games\findthegem\findthegem\findthegem\debug\findthegem.tlog\link.write.1.tlog
